<?xml version="1.0" encoding="UTF-8"?>
<!-- Generated by org.testng.reporters.JUnitReportReporter -->
<testsuite hostname="IN-1T2N573" failures="0" tests="1" name="Flipkart_TestCases.TC_01_Registration" time="2.581" errors="0" timestamp="2022-12-09T00:10:42 IST" skipped="0">
  <testcase classname="Flipkart_TestCases.TC_01_Registration" name="User_Registration" time="2.581"/>
  <system-out/>
</testsuite> <!-- Flipkart_TestCases.TC_01_Registration -->
