<?xml version="1.0" encoding="UTF-8"?>
<!-- Generated by org.testng.reporters.JUnitReportReporter -->
<testsuite hostname="IN-1T2N573" failures="0" tests="2" name="Flipkart_TestCases.TC_04_Add_to_Cart" time="10.856" errors="0" timestamp="2022-12-08T21:41:26 IST" skipped="0">
  <testcase classname="Flipkart_TestCases.TC_04_Add_to_Cart" name="Add_To_Cart_From_WishList" time="4.973"/>
  <system-out/>
  <testcase classname="Flipkart_TestCases.TC_04_Add_to_Cart" name="Get_Total_Wishlist_items" time="5.883"/>
  <system-out/>
</testsuite> <!-- Flipkart_TestCases.TC_04_Add_to_Cart -->
