<?xml version="1.0" encoding="UTF-8"?>
<!-- Generated by org.testng.reporters.JUnitReportReporter -->
<testsuite hostname="IN-1T2N573" failures="0" tests="4" name="Flipkart_TestCases.TC_01_LoginTest" time="5.884" errors="0" timestamp="2022-12-08T21:41:26 IST" skipped="0">
  <testcase classname="Flipkart_TestCases.TC_01_LoginTest" name="login" time="1.380"/>
  <system-out/>
  <testcase classname="Flipkart_TestCases.TC_01_LoginTest" name="login" time="1.567"/>
  <system-out/>
  <testcase classname="Flipkart_TestCases.TC_01_LoginTest" name="login" time="1.568"/>
  <system-out/>
  <testcase classname="Flipkart_TestCases.TC_01_LoginTest" name="login" time="1.369"/>
  <system-out/>
</testsuite> <!-- Flipkart_TestCases.TC_01_LoginTest -->
