<?xml version="1.0" encoding="UTF-8"?>
<!-- Generated by org.testng.reporters.JUnitReportReporter -->
<testsuite hostname="IN-1T2N573" failures="0" tests="1" name="FilpKart_TestCases.TC_02_SearchTest" time="48.819" errors="0" timestamp="2022-12-05T20:37:19 IST" skipped="0">
  <testcase classname="FilpKart_TestCases.TC_02_SearchTest" name="Search_According_to_Brand" time="48.819"/>
  <system-out/>
</testsuite> <!-- FilpKart_TestCases.TC_02_SearchTest -->
