<?xml version="1.0" encoding="UTF-8"?>
<!-- Generated by org.testng.reporters.JUnitReportReporter -->
<testsuite hostname="IN-1T2N573" failures="0" tests="2" name="Flipkart_TestCases.TC_06_Add_to_Cart" time="9.928" errors="0" timestamp="2022-12-09T00:10:42 IST" skipped="0">
  <testcase classname="Flipkart_TestCases.TC_06_Add_to_Cart" name="Add_To_Cart_From_WishList" time="2.407"/>
  <system-out/>
  <testcase classname="Flipkart_TestCases.TC_06_Add_to_Cart" name="Get_Total_Wishlist_items" time="7.521"/>
  <system-out/>
</testsuite> <!-- Flipkart_TestCases.TC_06_Add_to_Cart -->
