<?xml version="1.0" encoding="UTF-8"?>
<!-- Generated by org.testng.reporters.JUnitReportReporter -->
<testsuite hostname="IN-1T2N573" failures="0" tests="6" name="Flipkart_TestCases.TC_02_SearchTest" time="16.464" errors="0" timestamp="2022-12-08T21:41:26 IST" skipped="0">
  <testcase classname="Flipkart_TestCases.TC_02_SearchTest" name="Search_Using_click" time="1.840"/>
  <system-out/>
  <testcase classname="Flipkart_TestCases.TC_02_SearchTest" name="Search_Using_click" time="1.600"/>
  <system-out/>
  <testcase classname="Flipkart_TestCases.TC_02_SearchTest" name="Search_Using_Icon" time="3.262"/>
  <system-out/>
  <testcase classname="Flipkart_TestCases.TC_02_SearchTest" name="Search_Using_Icon" time="2.786"/>
  <system-out/>
  <testcase classname="Flipkart_TestCases.TC_02_SearchTest" name="Search_From_DropDown" time="2.814"/>
  <system-out/>
  <testcase classname="Flipkart_TestCases.TC_02_SearchTest" name="Search_According_to_Brand" time="4.162"/>
  <system-out/>
</testsuite> <!-- Flipkart_TestCases.TC_02_SearchTest -->
