<?xml version="1.0" encoding="UTF-8"?>
<!-- Generated by org.testng.reporters.JUnitReportReporter -->
<testsuite hostname="IN-1T2N573" failures="0" tests="1" name="Flipkart_TestCases.TC_05_Account_ActivityTest" time="7.415" errors="0" timestamp="2022-12-10T21:34:00 IST" skipped="0">
  <testcase classname="Flipkart_TestCases.TC_05_Account_ActivityTest" name="Explore_Gift_Cards" time="7.415"/>
  <system-out/>
</testsuite> <!-- Flipkart_TestCases.TC_05_Account_ActivityTest -->
