<?xml version="1.0" encoding="UTF-8"?>
<!-- Generated by org.testng.reporters.JUnitReportReporter -->
<testsuite hostname="IN-1T2N573" failures="0" tests="4" name="Flipkart_TestCases.TC_02_LoginTest" time="5.465" errors="0" timestamp="2022-12-09T11:48:05 IST" skipped="0">
  <testcase classname="Flipkart_TestCases.TC_02_LoginTest" name="login" time="1.305"/>
  <system-out/>
  <testcase classname="Flipkart_TestCases.TC_02_LoginTest" name="login" time="1.413"/>
  <system-out/>
  <testcase classname="Flipkart_TestCases.TC_02_LoginTest" name="login" time="1.412"/>
  <system-out/>
  <testcase classname="Flipkart_TestCases.TC_02_LoginTest" name="login" time="1.335"/>
  <system-out/>
</testsuite> <!-- Flipkart_TestCases.TC_02_LoginTest -->
