<?xml version="1.0" encoding="UTF-8"?>
<!-- Generated by org.testng.reporters.JUnitReportReporter -->
<testsuite hostname="IN-1T2N573" failures="0" tests="5" name="Flipkart_TestCases.TC_04_Account_Activity" time="14.553" errors="0" timestamp="2022-12-08T23:55:31 IST" skipped="0">
  <testcase classname="Flipkart_TestCases.TC_04_Account_Activity" name="Set_personal_information" time="4.949"/>
  <system-out/>
  <testcase classname="Flipkart_TestCases.TC_04_Account_Activity" name="Manage_Address" time="3.028"/>
  <system-out/>
  <testcase classname="Flipkart_TestCases.TC_04_Account_Activity" name="Explore_My_Coupons" time="1.849"/>
  <system-out/>
  <testcase classname="Flipkart_TestCases.TC_04_Account_Activity" name="Explore_My_Notifications" time="1.804"/>
  <system-out/>
  <testcase classname="Flipkart_TestCases.TC_04_Account_Activity" name="Explore_Gift_Cards" time="2.923"/>
  <system-out/>
</testsuite> <!-- Flipkart_TestCases.TC_04_Account_Activity -->
