<?xml version="1.0" encoding="UTF-8"?>
<!-- Generated by org.testng.reporters.JUnitReportReporter -->
<testsuite hostname="IN-1T2N573" failures="0" tests="1" name="FilpKart_TestCases.login" time="29.194" errors="0" timestamp="2022-12-05T16:24:30 IST" skipped="0">
  <testcase classname="FilpKart_TestCases.login" name="Validate_login" time="29.194"/>
  <system-out/>
</testsuite> <!-- FilpKart_TestCases.login -->
