<?xml version="1.0" encoding="UTF-8"?>
<!-- Generated by org.testng.reporters.JUnitReportReporter -->
<testsuite hostname="IN-1T2N573" failures="0" tests="1" name="FilpKart_TestCases.TC_03_Registration" time="48.552" errors="0" timestamp="2022-12-05T17:02:48 IST" skipped="0">
  <testcase classname="FilpKart_TestCases.TC_03_Registration" name="User_Registration" time="48.552"/>
  <system-out/>
</testsuite> <!-- FilpKart_TestCases.TC_03_Registration -->
