<?xml version="1.0" encoding="UTF-8"?>
<!-- Generated by org.testng.reporters.JUnitReportReporter -->
<testsuite hostname="IN-1T2N573" failures="0" tests="1" name="Flipkart_TestCases.TC_08_LogOutTest" time="7.066" errors="0" timestamp="2022-12-10T21:18:45 IST" skipped="0">
  <testcase classname="Flipkart_TestCases.TC_08_LogOutTest" name="Log_Out" time="7.066"/>
  <system-out/>
</testsuite> <!-- Flipkart_TestCases.TC_08_LogOutTest -->
