<?xml version="1.0" encoding="UTF-8"?>
<!-- Generated by org.testng.reporters.JUnitReportReporter -->
<testsuite hostname="IN-1T2N573" failures="0" tests="5" name="Flipkart_TestCases.TC_05_Account_ActivityTest" time="37.445" errors="0" timestamp="2022-12-12T13:01:24 IST" skipped="1">
  <testcase classname="Flipkart_TestCases.TC_05_Account_ActivityTest" name="Set_personal_information" time="23.372"/>
  <system-out/>
  <testcase classname="Flipkart_TestCases.TC_05_Account_ActivityTest" name="Manage_Address" time="7.098"/>
  <system-out/>
  <testcase classname="Flipkart_TestCases.TC_05_Account_ActivityTest" name="Explore_My_Coupons" time="3.848"/>
  <system-out/>
  <testcase classname="Flipkart_TestCases.TC_05_Account_ActivityTest" name="Explore_My_Notifications" time="3.127"/>
  <system-out/>
  <testcase classname="Flipkart_TestCases.TC_05_Account_ActivityTest" name="Explore_Gift_Cards">
    <skipped/>
  </testcase> <!-- Explore_Gift_Cards -->
  <system-out/>
</testsuite> <!-- Flipkart_TestCases.TC_05_Account_ActivityTest -->
