<?xml version="1.0" encoding="UTF-8"?>
<!-- Generated by org.testng.reporters.JUnitReportReporter -->
<testsuite hostname="IN-1T2N573" failures="0" tests="1" name="Flipkart_TestCases.TC_01_RegistrationTest" time="2.718" errors="0" timestamp="2022-12-09T11:56:55 IST" skipped="0">
  <testcase classname="Flipkart_TestCases.TC_01_RegistrationTest" name="User_Registration" time="2.718"/>
  <system-out/>
</testsuite> <!-- Flipkart_TestCases.TC_01_RegistrationTest -->
