<?xml version="1.0" encoding="UTF-8"?>
<!-- Generated by org.testng.reporters.JUnitReportReporter -->
<testsuite hostname="IN-1T2N573" failures="0" tests="2" name="Flipkart_TestCases.TC_07_LogoTest" time="3.011" errors="0" timestamp="2022-12-09T11:56:55 IST" skipped="0">
  <testcase classname="Flipkart_TestCases.TC_07_LogoTest" name="verify_logo_text" time="1.733"/>
  <system-out/>
  <testcase classname="Flipkart_TestCases.TC_07_LogoTest" name="verify_flipkart_plus" time="1.278"/>
  <system-out/>
</testsuite> <!-- Flipkart_TestCases.TC_07_LogoTest -->
