<?xml version="1.0" encoding="UTF-8"?>
<!-- Generated by org.testng.reporters.JUnitReportReporter -->
<testsuite hostname="IN-1T2N573" failures="0" tests="2" name="Flipkart_TestCases.TC_06_Add_to_CartTest" time="22.385" errors="0" timestamp="2022-12-12T13:01:24 IST" skipped="0">
  <testcase classname="Flipkart_TestCases.TC_06_Add_to_CartTest" name="Add_To_Cart_From_WishList" time="13.645"/>
  <system-out/>
  <testcase classname="Flipkart_TestCases.TC_06_Add_to_CartTest" name="Get_Total_Wishlist_items" time="8.740"/>
  <system-out/>
</testsuite> <!-- Flipkart_TestCases.TC_06_Add_to_CartTest -->
