<?xml version="1.0" encoding="UTF-8"?>
<!-- Generated by org.testng.reporters.JUnitReportReporter -->
<testsuite hostname="IN-1T2N573" failures="0" tests="4" name="Flipkart_TestCases.TC_02_LoginTest" time="6.180" errors="0" timestamp="2022-12-09T11:56:55 IST" skipped="0">
  <testcase classname="Flipkart_TestCases.TC_02_LoginTest" name="login" time="1.493"/>
  <system-out/>
  <testcase classname="Flipkart_TestCases.TC_02_LoginTest" name="login" time="1.448"/>
  <system-out/>
  <testcase classname="Flipkart_TestCases.TC_02_LoginTest" name="login" time="1.386"/>
  <system-out/>
  <testcase classname="Flipkart_TestCases.TC_02_LoginTest" name="login" time="1.853"/>
  <system-out/>
</testsuite> <!-- Flipkart_TestCases.TC_02_LoginTest -->
