<?xml version="1.0" encoding="UTF-8"?>
<!-- Generated by org.testng.reporters.JUnitReportReporter -->
<testsuite hostname="IN-1T2N573" failures="0" tests="4" name="Flipkart_TestCases.TC_02_LoginTest" time="7.392" errors="0" timestamp="2022-12-10T21:18:45 IST" skipped="0">
  <testcase classname="Flipkart_TestCases.TC_02_LoginTest" name="login" time="1.544"/>
  <system-out/>
  <testcase classname="Flipkart_TestCases.TC_02_LoginTest" name="login" time="2.357"/>
  <system-out/>
  <testcase classname="Flipkart_TestCases.TC_02_LoginTest" name="login" time="1.887"/>
  <system-out/>
  <testcase classname="Flipkart_TestCases.TC_02_LoginTest" name="login" time="1.604"/>
  <system-out/>
</testsuite> <!-- Flipkart_TestCases.TC_02_LoginTest -->
