<?xml version="1.0" encoding="UTF-8"?>
<!-- Generated by org.testng.reporters.JUnitReportReporter -->
<testsuite hostname="IN-1T2N573" failures="0" tests="1" name="Flipkart_TestCases.TC_08_LogOutTest" time="5.436" errors="0" timestamp="2022-12-12T13:01:24 IST" skipped="0">
  <testcase classname="Flipkart_TestCases.TC_08_LogOutTest" name="Log_Out" time="5.436"/>
  <system-out/>
</testsuite> <!-- Flipkart_TestCases.TC_08_LogOutTest -->
