<?xml version="1.0" encoding="UTF-8"?>
<!-- Generated by org.testng.reporters.JUnitReportReporter -->
<testsuite hostname="IN-1T2N573" failures="0" tests="2" name="Flipkart_TestCases.TC_06_Add_to_CartTest" time="13.286" errors="0" timestamp="2022-12-09T11:56:55 IST" skipped="0">
  <testcase classname="Flipkart_TestCases.TC_06_Add_to_CartTest" name="Add_To_Cart_From_WishList" time="3.548"/>
  <system-out/>
  <testcase classname="Flipkart_TestCases.TC_06_Add_to_CartTest" name="Get_Total_Wishlist_items" time="9.738"/>
  <system-out/>
</testsuite> <!-- Flipkart_TestCases.TC_06_Add_to_CartTest -->
