<?xml version="1.0" encoding="UTF-8"?>
<!-- Generated by org.testng.reporters.JUnitReportReporter -->
<testsuite hostname="IN-1T2N573" failures="0" tests="1" name="Flipkart_TestCases.TC_04_Become_a_sellerTest" time="7.973" errors="0" timestamp="2022-12-09T11:56:55 IST" skipped="0">
  <testcase classname="Flipkart_TestCases.TC_04_Become_a_sellerTest" name="Verify_Seller_Person_NameTest" time="7.973"/>
  <system-out/>
</testsuite> <!-- Flipkart_TestCases.TC_04_Become_a_sellerTest -->
