<?xml version="1.0" encoding="UTF-8"?>
<!-- Generated by org.testng.reporters.JUnitReportReporter -->
<testsuite hostname="IN-1T2N573" failures="0" tests="4" name="Flipkart_TestCases.TC_02_LoginTest" time="32.140" errors="0" timestamp="2022-12-12T13:01:24 IST" skipped="0">
  <testcase classname="Flipkart_TestCases.TC_02_LoginTest" name="login" time="2.875"/>
  <system-out/>
  <testcase classname="Flipkart_TestCases.TC_02_LoginTest" name="login" time="2.651"/>
  <system-out/>
  <testcase classname="Flipkart_TestCases.TC_02_LoginTest" name="login" time="7.035"/>
  <system-out/>
  <testcase classname="Flipkart_TestCases.TC_02_LoginTest" name="login" time="19.579"/>
  <system-out/>
</testsuite> <!-- Flipkart_TestCases.TC_02_LoginTest -->
