<?xml version="1.0" encoding="UTF-8"?>
<!-- Generated by org.testng.reporters.JUnitReportReporter -->
<testsuite hostname="IN-1T2N573" failures="0" tests="2" name="Flipkart_TestCases.TC_07_LogoTest" time="3.968" errors="0" timestamp="2022-12-12T13:01:24 IST" skipped="0">
  <testcase classname="Flipkart_TestCases.TC_07_LogoTest" name="verify_logo_text" time="2.303"/>
  <system-out/>
  <testcase classname="Flipkart_TestCases.TC_07_LogoTest" name="verify_flipkart_plus" time="1.665"/>
  <system-out/>
</testsuite> <!-- Flipkart_TestCases.TC_07_LogoTest -->
