<?xml version="1.0" encoding="UTF-8"?>
<!-- Generated by org.testng.reporters.JUnitReportReporter -->
<testsuite hostname="IN-1T2N573" failures="0" tests="6" name="Flipkart_TestCases.TC_03_SearchTest" time="14.294" errors="0" timestamp="2022-12-09T11:56:55 IST" skipped="0">
  <testcase classname="Flipkart_TestCases.TC_03_SearchTest" name="Search_Using_click" time="2.432"/>
  <system-out/>
  <testcase classname="Flipkart_TestCases.TC_03_SearchTest" name="Search_Using_click" time="1.925"/>
  <system-out/>
  <testcase classname="Flipkart_TestCases.TC_03_SearchTest" name="Search_Using_Icon" time="2.375"/>
  <system-out/>
  <testcase classname="Flipkart_TestCases.TC_03_SearchTest" name="Search_Using_Icon" time="2.307"/>
  <system-out/>
  <testcase classname="Flipkart_TestCases.TC_03_SearchTest" name="Search_From_DropDown" time="2.522"/>
  <system-out/>
  <testcase classname="Flipkart_TestCases.TC_03_SearchTest" name="Search_According_to_Brand" time="2.733"/>
  <system-out/>
</testsuite> <!-- Flipkart_TestCases.TC_03_SearchTest -->
